<?xml version="1.0" encoding="UTF-8"?>
<!-- Generated by org.testng.reporters.JUnitXMLReporter -->
<testsuite ignored="0" hostname="DESKTOP-UEVOJ1F" failures="0" tests="4" name="Default test" time="6.901" errors="0" timestamp="2023-02-15T18:45:05 BDT">
  <testcase classname="day1.HTTPRequests" name="getUsers" time="4.504"/>
  <testcase classname="day1.HTTPRequests" name="createUser" time="1.105"/>
  <testcase classname="day1.HTTPRequests" name="updateUser" time="0.602"/>
  <testcase classname="day1.HTTPRequests" name="deleteUser" time="0.582"/>
</testsuite> <!-- Default test -->
